[2018-10-15T15:10:37.575] [INFO] cheese - send mail success { from: 'undefined <2811863274@qq.com>',
  to: '2811863274@qq.com',
  subject: 'undefined社区帐号激活',
  html: '<p>您好：chuck</p><p>我们收到您在undefined社区的注册信息，请点击下面的链接来激活帐户：</p><a href  = "http://localhost/active_account?key=a2aeefa6c949904ddd6190023304c134&name=chuck">激活链接</a><p>若您没有在undefined社区填写过注册信息，说明有人滥用了您的电子邮箱，请删除此邮件，我们对给您造成的打扰感到抱歉。</p><p>undefined社区 谨上。</p>' }
[2018-10-15T15:22:10.765] [INFO] cheese - send mail success { from: 'chuckClub <2811863274@qq.com>',
  to: 'chen_l@supersoco.com',
  subject: 'chuckClub社区帐号激活',
  html: '<p>您好：chen_l</p><p>我们收到您在chuckClub社区的注册信息，请点击下面的链接来激活帐户：</p><a href  = "http://localhost/active_account?key=79a85ac36af656801bba0960c1ebeb17&name=chen_l">激活链接</a><p>若您没有在chuckClub社区填写过注册信息，说明有人滥用了您的电子邮箱，请删除此邮件，我们对给您造成的打扰感到抱歉。</p><p>chuckClub社区 谨上。</p>' }
[2018-10-15T16:54:17.315] [INFO] cheese - send mail success { from: 'chuckClub <2811863274@qq.com>',
  to: 'chen_l@supersoco.com',
  subject: 'chuckClub社区帐号激活',
  html: '<p>您好：chen_l</p><p>我们收到您在chuckClub社区的注册信息，请点击下面的链接来激活帐户：</p><a href  = "http://localhost/active_account?key=958be4edd75b5b809e114a914f67d050&name=chen_l">激活链接</a><p>若您没有在chuckClub社区填写过注册信息，说明有人滥用了您的电子邮箱，请删除此邮件，我们对给您造成的打扰感到抱歉。</p><p>chuckClub社区 谨上。</p>' }
[2018-10-17T10:32:42.020] [INFO] cheese - send mail success { from: 'chuckClub <2811863274@qq.com>',
  to: 'chen_l@supersoco.com',
  subject: 'chuckClub社区帐号激活',
  html: '<p>您好：chen_l</p><p>我们收到您在chuckClub社区的注册信息，请点击下面的链接来激活帐户：</p><a href  = "http://localhost:3000/api/v1/active_account?key=958be4edd75b5b809e114a914f67d050&name=chen_l">激活链接</a><p>若您没有在chuckClub社区填写过注册信息，说明有人滥用了您的电子邮箱，请删除此邮件，我们对给您造成的打扰感到抱歉。</p><p>chuckClub社区 谨上。</p>' }
[2018-10-31T13:45:35.399] [INFO] cheese - send mail success { from: 'chuckClub <2811863274@qq.com>',
  to: '2811863274@qq.com',
  subject: 'chuckClub社区帐号激活',
  html: '<p>您好：chuck</p><p>我们收到您在chuckClub社区的注册信息，请点击下面的链接来激活帐户：</p><a href  = "AccountActive/36f6f5cd892d7e62ba03381a3f63c71a/chuck">激活链接</a><p>若您没有在chuckClub社区填写过注册信息，说明有人滥用了您的电子邮箱，请删除此邮件，我们对给您造成的打扰感到抱歉。</p><p>chuckClub社区 谨上。</p>' }
[2018-10-31T15:21:34.322] [INFO] cheese - send mail success { from: 'chuckClub <2811863274@qq.com>',
  to: '569205839@qq.com',
  subject: 'chuckClub社区帐号激活',
  html: '<p>您好：chuckchen</p><p>我们收到您在chuckClub社区的注册信息，请点击下面的链接来激活帐户：</p><a href  = "AccountActive/eb3176bc96618ae2fa6d1dbf722afa4f/chuckchen">激活链接</a><p>若您没有在chuckClub社区填写过注册信息，说明有人滥用了您的电子邮箱，请删除此邮件，我们对给您造成的打扰感到抱歉。</p><p>chuckClub社区 谨上。</p>' }
[2018-10-31T15:24:26.746] [INFO] cheese - send mail success { from: 'chuckClub <2811863274@qq.com>',
  to: 'chen_l@supersoco.com',
  subject: 'chuckClub社区帐号激活',
  html: '<p>您好：chen_l</p><p>我们收到您在chuckClub社区的注册信息，请点击下面的链接来激活帐户：</p><a href  = "http://localhost:2018/AccountActive/9b0bf04a643bcfa5d7d58d97302ec20b/chen_l">激活链接</a><p>若您没有在chuckClub社区填写过注册信息，说明有人滥用了您的电子邮箱，请删除此邮件，我们对给您造成的打扰感到抱歉。</p><p>chuckClub社区 谨上。</p>' }
[2018-11-01T10:25:16.372] [INFO] cheese - send mail success { from: 'chuckClub <2811863274@qq.com>',
  to: '2811863274@qq.com',
  subject: 'chuckClub社区帐号激活',
  html: '<p>您好：chuck</p><p>我们收到您在chuckClub社区的注册信息，请点击下面的链接来激活帐户：</p><a href  = "http://localhost:2018/#/AccountActive/2227a5e09d439e09b226aad6da0dc2de/chuck">激活链接</a><p>若您没有在chuckClub社区填写过注册信息，说明有人滥用了您的电子邮箱，请删除此邮件，我们对给您造成的打扰感到抱歉。</p><p>chuckClub社区 谨上。</p>' }
[2018-11-01T10:45:34.179] [INFO] cheese - send mail success { from: 'chuckClub <2811863274@qq.com>',
  to: 'chen_l@supersoco.com',
  subject: 'chuckClub社区密码重置',
  html: '<p>您好：chen_l</p><p>我们收到您在chuckClub社区重置密码的请求，请在24小时内单击下面的链接来重置密码：</p><a href="http://localhost:2018/#/123/9323e95f-5332-4be9-8e09-de04e089aa83/chen_l">重置密码链接</a><p>若您没有在chuckClub社区填写过注册信息，说明有人滥用了您的电子邮箱，请删除此邮件，我们对给您造成的打扰感到抱歉。</p><p>chuckClub社区 谨上。</p>' }
[2018-11-01T10:52:30.425] [INFO] cheese - send mail success { from: 'chuckClub <2811863274@qq.com>',
  to: '2811863274@qq.com',
  subject: 'chuckClub社区密码重置',
  html: '<p>您好：chuck</p><p>我们收到您在chuckClub社区重置密码的请求，请在24小时内单击下面的链接来重置密码：</p><a href="http://localhost:2018/#/ChangePass/af9e2c7b-cc35-4743-9a7f-1437938b551b/chuck">重置密码链接</a><p>若您没有在chuckClub社区填写过注册信息，说明有人滥用了您的电子邮箱，请删除此邮件，我们对给您造成的打扰感到抱歉。</p><p>chuckClub社区 谨上。</p>' }
[2018-11-01T11:25:03.713] [INFO] cheese - send mail success { from: 'chuckClub <2811863274@qq.com>',
  to: '2811863274@qq.com',
  subject: 'chuckClub社区密码重置',
  html: '<p>您好：chuck</p><p>我们收到您在chuckClub社区重置密码的请求，请在24小时内单击下面的链接来重置密码：</p><a href="http://localhost:2018/#/ChangePass/750ebec0-d917-44a5-9c9f-fbace6a34e67/chuck">重置密码链接</a><p>若您没有在chuckClub社区填写过注册信息，说明有人滥用了您的电子邮箱，请删除此邮件，我们对给您造成的打扰感到抱歉。</p><p>chuckClub社区 谨上。</p>' }
[2018-11-01T11:31:00.914] [INFO] cheese - send mail success { from: 'chuckClub <2811863274@qq.com>',
  to: 'chen_l@supersoco.com',
  subject: 'chuckClub社区密码重置',
  html: '<p>您好：chen_l</p><p>我们收到您在chuckClub社区重置密码的请求，请在24小时内单击下面的链接来重置密码：</p><a href="http://localhost:2018/#/ChangePass/92cf4590-d399-4483-aaf8-322e2646b773/chen_l">重置密码链接</a><p>若您没有在chuckClub社区填写过注册信息，说明有人滥用了您的电子邮箱，请删除此邮件，我们对给您造成的打扰感到抱歉。</p><p>chuckClub社区 谨上。</p>' }
[2018-11-01T12:24:54.558] [INFO] cheese - send mail success { from: 'chuckClub <2811863274@qq.com>',
  to: '2811863274@qq.com',
  subject: 'chuckClub社区密码重置',
  html: '<p>您好：chuck</p><p>我们收到您在chuckClub社区重置密码的请求，请在24小时内单击下面的链接来重置密码：</p><a href="http://localhost:2018/#/ChangePass/f9ebdcdb-a403-4806-9966-903ee57eecb9/chuck">重置密码链接</a><p>若您没有在chuckClub社区填写过注册信息，说明有人滥用了您的电子邮箱，请删除此邮件，我们对给您造成的打扰感到抱歉。</p><p>chuckClub社区 谨上。</p>' }
[2018-11-01T12:44:35.627] [INFO] cheese - send mail success { from: 'chuckClub <2811863274@qq.com>',
  to: 'chen_l@supersoco.com',
  subject: 'chuckClub社区密码重置',
  html: '<p>您好：chen_l</p><p>我们收到您在chuckClub社区重置密码的请求，请在24小时内单击下面的链接来重置密码：</p><a href="http://localhost:2018/#/ChangePass/03e17708-672e-4ed7-bb11-f9e2c887a34e/chen_l">重置密码链接</a><p>若您没有在chuckClub社区填写过注册信息，说明有人滥用了您的电子邮箱，请删除此邮件，我们对给您造成的打扰感到抱歉。</p><p>chuckClub社区 谨上。</p>' }
[2018-11-01T12:45:03.551] [INFO] cheese - send mail success { from: 'chuckClub <2811863274@qq.com>',
  to: 'chen_l@supersoco.com',
  subject: 'chuckClub社区密码重置',
  html: '<p>您好：chen_l</p><p>我们收到您在chuckClub社区重置密码的请求，请在24小时内单击下面的链接来重置密码：</p><a href="http://localhost:2018/#/ChangePass/3fd85ed4-72c2-4c0c-b4d2-9bba0b51d44d/chen_l">重置密码链接</a><p>若您没有在chuckClub社区填写过注册信息，说明有人滥用了您的电子邮箱，请删除此邮件，我们对给您造成的打扰感到抱歉。</p><p>chuckClub社区 谨上。</p>' }
[2018-11-01T13:01:03.001] [INFO] cheese - send mail success { from: 'chuckClub <2811863274@qq.com>',
  to: 'chen_l@supersoco.com',
  subject: 'chuckClub社区密码重置',
  html: '<p>您好：chen_l</p><p>我们收到您在chuckClub社区重置密码的请求，请在24小时内单击下面的链接来重置密码：</p><a href="http://localhost:2018/#/ChangePass/7ff9a739-9e2e-498c-9fbb-af895068fa96/chen_l">重置密码链接</a><p>若您没有在chuckClub社区填写过注册信息，说明有人滥用了您的电子邮箱，请删除此邮件，我们对给您造成的打扰感到抱歉。</p><p>chuckClub社区 谨上。</p>' }
[2018-11-11T16:20:09.971] [INFO] cheese - send mail success { from: 'chuckClub <2811863274@qq.com>',
  to: '569205839@qq.com',
  subject: 'chuckClub社区帐号激活',
  html: '<p>您好：chuckchen</p><p>我们收到您在chuckClub社区的注册信息，请点击下面的链接来激活帐户：</p><a href  = "http://localhost:2018/#/AccountActive/9bfa5b75b2948c9c2afe55d959e757e8/chuckchen">激活链接</a><p>若您没有在chuckClub社区填写过注册信息，说明有人滥用了您的电子邮箱，请删除此邮件，我们对给您造成的打扰感到抱歉。</p><p>chuckClub社区 谨上。</p>' }
[2018-11-14T15:27:32.411] [INFO] cheese - send mail success { from: 'chuckClub <2811863274@qq.com>',
  to: 'chen_l@supersoco.com',
  subject: 'chuckClub社区密码重置',
  html: '<p>您好：chen_l</p><p>我们收到您在chuckClub社区重置密码的请求，请在24小时内单击下面的链接来重置密码：</p><a href="http://localhost:2018/#/ChangePass/cb170a21-df6f-4764-b17d-b14787912f26/chen_l">重置密码链接</a><p>若您没有在chuckClub社区填写过注册信息，说明有人滥用了您的电子邮箱，请删除此邮件，我们对给您造成的打扰感到抱歉。</p><p>chuckClub社区 谨上。</p>' }
[2018-11-14T18:08:53.998] [INFO] cheese - send mail success { from: 'chuckClub <2811863274@qq.com>',
  to: 'chen_l@supersoco.com',
  subject: 'chuckClub社区密码重置',
  html: '<p>您好：chen_l</p><p>我们收到您在chuckClub社区重置密码的请求，请在24小时内单击下面的链接来重置密码：</p><a href="http://localhost:2018/#/ChangePass/1febe1c1-b0d5-4616-950d-b8da8a1e8cd2/chen_l">重置密码链接</a><p>若您没有在chuckClub社区填写过注册信息，说明有人滥用了您的电子邮箱，请删除此邮件，我们对给您造成的打扰感到抱歉。</p><p>chuckClub社区 谨上。</p>' }
